<?xml version="1.0" encoding="UTF-8"?>
<testng-results ignored="0" total="1" passed="1" failed="0" skipped="0">
  <reporter-output>
  </reporter-output>
  <suite started-at="2025-05-06T18:23:46 BRT" name="tests.SaucedemoLoginTest" finished-at="2025-05-06T18:24:16 BRT" duration-ms="30318">
    <groups>
    </groups>
    <test started-at="2025-05-06T18:23:46 BRT" name="Command line test" finished-at="2025-05-06T18:24:16 BRT" duration-ms="30318">
      <class name="tests.SaucedemoLoginTest">
        <test-method is-config="true" signature="setUp()[pri:0, instance:tests.SaucedemoLoginTest@382db087]" started-at="2025-05-06T18:23:46 BRT" name="setUp" finished-at="2025-05-06T18:24:07 BRT" duration-ms="21450" status="PASS">
          <reporter-output>
          </reporter-output>
        </test-method> <!-- setUp -->
        <test-method signature="testLoginSaucedemo()[pri:0, instance:tests.SaucedemoLoginTest@382db087]" started-at="2025-05-06T18:24:07 BRT" name="testLoginSaucedemo" finished-at="2025-05-06T18:24:14 BRT" duration-ms="6474" status="PASS">
          <reporter-output>
          </reporter-output>
        </test-method> <!-- testLoginSaucedemo -->
        <test-method is-config="true" signature="tearDown()[pri:0, instance:tests.SaucedemoLoginTest@382db087]" started-at="2025-05-06T18:24:14 BRT" name="tearDown" finished-at="2025-05-06T18:24:16 BRT" duration-ms="2272" status="PASS">
          <reporter-output>
          </reporter-output>
        </test-method> <!-- tearDown -->
      </class> <!-- tests.SaucedemoLoginTest -->
    </test> <!-- Command line test -->
  </suite> <!-- tests.SaucedemoLoginTest -->
</testng-results>
